<?xml version="1.0" encoding="UTF-8"?>
<!-- Generated by org.testng.reporters.JUnitReportReporter -->
<testsuite skipped="0" hostname="LAPTOP-LPUGEO8E" name="test.LoginTest" tests="1" failures="0" timestamp="2023-02-23T13:12:34 CST" time="7.517" errors="0">
  <testcase name="validUserShouldBeAbleToLogin" time="7.517" classname="test.LoginTest"/>
  <system-out/>
</testsuite> <!-- test.LoginTest -->
